<?xml version="1.0" encoding="UTF-8"?>
<testng-results ignored="0" total="1" passed="1" failed="0" skipped="0">
  <reporter-output>
  </reporter-output>
  <suite started-at="2022-09-27T21:17:25 IST" name="Default suite" finished-at="2022-09-27T21:18:08 IST" duration-ms="43074">
    <groups>
    </groups>
    <test started-at="2022-09-27T21:17:25 IST" name="Default test" finished-at="2022-09-27T21:18:08 IST" duration-ms="43074">
      <class name="com.demo.TestScripts.Login_Logout">
        <test-method is-config="true" signature="generateReport()[pri:0, instance:com.demo.TestScripts.Login_Logout@659499f1]" started-at="2022-09-27T21:17:25 IST" name="generateReport" finished-at="2022-09-27T21:17:26 IST" duration-ms="823" status="PASS">
          <reporter-output>
          </reporter-output>
        </test-method> <!-- generateReport -->
        <test-method is-config="true" signature="beforeClass()[pri:0, instance:com.demo.TestScripts.Login_Logout@659499f1]" started-at="2022-09-27T21:17:26 IST" name="beforeClass" finished-at="2022-09-27T21:17:30 IST" duration-ms="3796" status="PASS">
          <reporter-output>
          </reporter-output>
        </test-method> <!-- beforeClass -->
        <test-method is-config="true" signature="methodName(java.lang.reflect.Method)[pri:0, instance:com.demo.TestScripts.Login_Logout@659499f1]" started-at="2022-09-27T21:17:30 IST" name="methodName" finished-at="2022-09-27T21:17:30 IST" duration-ms="11" status="PASS">
          <params>
            <param index="0">
              <value>
                <![CDATA[public void com.demo.TestScripts.Login_Logout.Login_LogoutTestCase() throws java.lang.Exception]]>
              </value>
            </param>
          </params>
          <reporter-output>
          </reporter-output>
        </test-method> <!-- methodName -->
        <test-method signature="Login_LogoutTestCase()[pri:0, instance:com.demo.TestScripts.Login_Logout@659499f1]" started-at="2022-09-27T21:17:30 IST" name="Login_LogoutTestCase" finished-at="2022-09-27T21:18:06 IST" duration-ms="36067" status="PASS">
          <reporter-output>
          </reporter-output>
        </test-method> <!-- Login_LogoutTestCase -->
        <test-method is-config="true" signature="afterClass()[pri:0, instance:com.demo.TestScripts.Login_Logout@659499f1]" started-at="2022-09-27T21:18:06 IST" name="afterClass" finished-at="2022-09-27T21:18:08 IST" duration-ms="2275" status="PASS">
          <reporter-output>
          </reporter-output>
        </test-method> <!-- afterClass -->
      </class> <!-- com.demo.TestScripts.Login_Logout -->
    </test> <!-- Default test -->
  </suite> <!-- Default suite -->
</testng-results>
